07-Mar-2019 00:05:24.544 信息 [main] org.apache.catalina.startup.VersionLoggerListener.log Server version:        Apache Tomcat/8.5.24
07-Mar-2019 00:05:24.552 信息 [main] org.apache.catalina.startup.VersionLoggerListener.log Server built:          Nov 27 2017 13:05:30 UTC
07-Mar-2019 00:05:24.554 信息 [main] org.apache.catalina.startup.VersionLoggerListener.log Server number:         8.5.24.0
07-Mar-2019 00:05:24.555 信息 [main] org.apache.catalina.startup.VersionLoggerListener.log OS Name:               Windows 10
07-Mar-2019 00:05:24.557 信息 [main] org.apache.catalina.startup.VersionLoggerListener.log OS Version:            10.0
07-Mar-2019 00:05:24.559 信息 [main] org.apache.catalina.startup.VersionLoggerListener.log Architecture:          amd64
07-Mar-2019 00:05:24.562 信息 [main] org.apache.catalina.startup.VersionLoggerListener.log Java Home:             D:\Program Files\Java\jdk1.8.0_111\jre
07-Mar-2019 00:05:24.564 信息 [main] org.apache.catalina.startup.VersionLoggerListener.log JVM Version:           1.8.0_111-b14
07-Mar-2019 00:05:24.566 信息 [main] org.apache.catalina.startup.VersionLoggerListener.log JVM Vendor:            Oracle Corporation
07-Mar-2019 00:05:24.568 信息 [main] org.apache.catalina.startup.VersionLoggerListener.log CATALINA_BASE:         D:\MySpringMVC\apache-tomcat-8.5.24
07-Mar-2019 00:05:24.570 信息 [main] org.apache.catalina.startup.VersionLoggerListener.log CATALINA_HOME:         D:\MySpringMVC\apache-tomcat-8.5.24
07-Mar-2019 00:05:24.572 信息 [main] org.apache.catalina.startup.VersionLoggerListener.log Command line argument: -Djava.util.logging.config.file=D:\MySpringMVC\apache-tomcat-8.5.24\conf\logging.properties
07-Mar-2019 00:05:24.573 信息 [main] org.apache.catalina.startup.VersionLoggerListener.log Command line argument: -Djava.util.logging.manager=org.apache.juli.ClassLoaderLogManager
07-Mar-2019 00:05:24.575 信息 [main] org.apache.catalina.startup.VersionLoggerListener.log Command line argument: -Djdk.tls.ephemeralDHKeySize=2048
07-Mar-2019 00:05:24.577 信息 [main] org.apache.catalina.startup.VersionLoggerListener.log Command line argument: -Djava.protocol.handler.pkgs=org.apache.catalina.webresources
07-Mar-2019 00:05:24.579 信息 [main] org.apache.catalina.startup.VersionLoggerListener.log Command line argument: -Dignore.endorsed.dirs=
07-Mar-2019 00:05:24.582 信息 [main] org.apache.catalina.startup.VersionLoggerListener.log Command line argument: -Dcatalina.base=D:\MySpringMVC\apache-tomcat-8.5.24
07-Mar-2019 00:05:24.584 信息 [main] org.apache.catalina.startup.VersionLoggerListener.log Command line argument: -Dcatalina.home=D:\MySpringMVC\apache-tomcat-8.5.24
07-Mar-2019 00:05:24.589 信息 [main] org.apache.catalina.startup.VersionLoggerListener.log Command line argument: -Djava.io.tmpdir=D:\MySpringMVC\apache-tomcat-8.5.24\temp
07-Mar-2019 00:05:24.592 信息 [main] org.apache.catalina.core.AprLifecycleListener.lifecycleEvent Loaded APR based Apache Tomcat Native library [1.2.16] using APR version [1.6.3].
07-Mar-2019 00:05:24.594 信息 [main] org.apache.catalina.core.AprLifecycleListener.lifecycleEvent APR capabilities: IPv6 [true], sendfile [true], accept filters [false], random [true].
07-Mar-2019 00:05:24.598 信息 [main] org.apache.catalina.core.AprLifecycleListener.lifecycleEvent APR/OpenSSL configuration: useAprConnector [false], useOpenSSL [true]
07-Mar-2019 00:05:25.300 信息 [main] org.apache.catalina.core.AprLifecycleListener.initializeSSL OpenSSL successfully initialized [OpenSSL 1.0.2m  2 Nov 2017]
07-Mar-2019 00:05:25.421 信息 [main] org.apache.coyote.AbstractProtocol.init Initializing ProtocolHandler ["http-nio-8080"]
07-Mar-2019 00:05:25.884 信息 [main] org.apache.tomcat.util.net.NioSelectorPool.getSharedSelector Using a shared selector for servlet write/read
07-Mar-2019 00:05:25.932 信息 [main] org.apache.coyote.AbstractProtocol.init Initializing ProtocolHandler ["ajp-nio-8009"]
07-Mar-2019 00:05:25.936 信息 [main] org.apache.tomcat.util.net.NioSelectorPool.getSharedSelector Using a shared selector for servlet write/read
07-Mar-2019 00:05:25.940 信息 [main] org.apache.catalina.startup.Catalina.load Initialization processed in 2023 ms
07-Mar-2019 00:05:25.995 信息 [main] org.apache.catalina.core.StandardService.startInternal Starting service [Catalina]
07-Mar-2019 00:05:25.997 信息 [main] org.apache.catalina.core.StandardEngine.startInternal Starting Servlet Engine: Apache Tomcat/8.5.24
07-Mar-2019 00:05:26.010 信息 [localhost-startStop-1] org.apache.catalina.startup.HostConfig.deployDescriptor Deploying configuration descriptor [D:\MySpringMVC\apache-tomcat-8.5.24\conf\Catalina\localhost\ROOT.xml]
07-Mar-2019 00:05:27.864 信息 [localhost-startStop-1] org.apache.jasper.servlet.TldScanner.scanJars At least one JAR was scanned for TLDs yet contained no TLDs. Enable debug logging for this logger for a complete list of JARs that were scanned but no TLDs were found in them. Skipping unneeded JARs during scanning can improve startup time and JSP compilation time.
07-Mar-2019 00:05:29.311 信息 [localhost-startStop-1] org.apache.catalina.startup.HostConfig.deployDescriptor Deployment of configuration descriptor [D:\MySpringMVC\apache-tomcat-8.5.24\conf\Catalina\localhost\ROOT.xml] has finished in [3,301] ms
07-Mar-2019 00:05:29.314 信息 [localhost-startStop-1] org.apache.catalina.startup.HostConfig.deployDirectory Deploying web application directory [D:\MySpringMVC\apache-tomcat-8.5.24\webapps\docs]
07-Mar-2019 00:05:29.363 信息 [localhost-startStop-1] org.apache.catalina.startup.HostConfig.deployDirectory Deployment of web application directory [D:\MySpringMVC\apache-tomcat-8.5.24\webapps\docs] has finished in [49] ms
07-Mar-2019 00:05:29.366 信息 [localhost-startStop-1] org.apache.catalina.startup.HostConfig.deployDirectory Deploying web application directory [D:\MySpringMVC\apache-tomcat-8.5.24\webapps\examples]
07-Mar-2019 00:05:30.045 信息 [localhost-startStop-1] org.apache.catalina.startup.HostConfig.deployDirectory Deployment of web application directory [D:\MySpringMVC\apache-tomcat-8.5.24\webapps\examples] has finished in [679] ms
07-Mar-2019 00:05:30.047 信息 [localhost-startStop-1] org.apache.catalina.startup.HostConfig.deployDirectory Deploying web application directory [D:\MySpringMVC\apache-tomcat-8.5.24\webapps\host-manager]
07-Mar-2019 00:05:30.088 信息 [localhost-startStop-1] org.apache.catalina.startup.HostConfig.deployDirectory Deployment of web application directory [D:\MySpringMVC\apache-tomcat-8.5.24\webapps\host-manager] has finished in [41] ms
07-Mar-2019 00:05:30.091 信息 [localhost-startStop-1] org.apache.catalina.startup.HostConfig.deployDirectory Deploying web application directory [D:\MySpringMVC\apache-tomcat-8.5.24\webapps\manager]
07-Mar-2019 00:05:30.137 信息 [localhost-startStop-1] org.apache.catalina.startup.HostConfig.deployDirectory Deployment of web application directory [D:\MySpringMVC\apache-tomcat-8.5.24\webapps\manager] has finished in [46] ms
07-Mar-2019 00:05:30.144 信息 [main] org.apache.coyote.AbstractProtocol.start Starting ProtocolHandler ["http-nio-8080"]
07-Mar-2019 00:05:30.157 信息 [main] org.apache.coyote.AbstractProtocol.start Starting ProtocolHandler ["ajp-nio-8009"]
07-Mar-2019 00:05:30.161 信息 [main] org.apache.catalina.startup.Catalina.start Server startup in 4220 ms
